0 info it worked if it ends with ok
1 verbose cli [ 'C:\\Program Files\\nodejs\\node.exe',
1 verbose cli   'C:\\Program Files\\nodejs\\node_modules\\npm\\bin\\npm-cli.js',
1 verbose cli   'run',
1 verbose cli   'eject' ]
2 info using npm@3.10.10
3 info using node@v6.11.2
4 verbose run-script [ 'preeject', 'eject', 'posteject' ]
5 info lifecycle forum-app@0.1.0~preeject: forum-app@0.1.0
6 silly lifecycle forum-app@0.1.0~preeject: no script for preeject, continuing
7 info lifecycle forum-app@0.1.0~eject: forum-app@0.1.0
8 verbose lifecycle forum-app@0.1.0~eject: unsafe-perm in lifecycle true
9 verbose lifecycle forum-app@0.1.0~eject: PATH: C:\Program Files\nodejs\node_modules\npm\bin\node-gyp-bin;D:\forum-app\node_modules\.bin;C:\ProgramData\Oracle\Java\javapath;C:\Program Files (x86)\Intel\iCLS Client\;C:\Program Files\Intel\iCLS Client\;C:\WINDOWS\system32;C:\WINDOWS;C:\WINDOWS\System32\Wbem;C:\WINDOWS\System32\WindowsPowerShell\v1.0\;C:\Program Files (x86)\Intel\Intel(R) Management Engine Components\DAL;C:\Program Files\Intel\Intel(R) Management Engine Components\DAL;C:\Program Files (x86)\Intel\Intel(R) Management Engine Components\IPT;C:\Program Files\Intel\Intel(R) Management Engine Components\IPT;C:\Program Files\Git\cmd;C:\Program Files\nodejs\;C:\Program Files (x86)\Intel\iCLS Client\;C:\Program Files\Intel\iCLS Client\;C:\WINDOWS\system32;C:\WINDOWS;C:\WINDOWS\System32\Wbem;C:\WINDOWS\System32\WindowsPowerShell\v1.0\;C:\Program Files (x86)\Intel\Intel(R) Management Engine Components\DAL;C:\Program Files\Intel\Intel(R) Management Engine Components\DAL;C:\Program Files (x86)\Intel\Intel(R) Management Engine Components\IPT;C:\Program Files\Intel\Intel(R) Management Engine Components\IPT;C:\Program Files (x86)\Skype\Phone\;C:\Users\dell\AppData\Local\Microsoft\WindowsApps;;C:\Python27;C:\Python25;C:\Users\dell\AppData\Local\Microsoft\WindowsApps;C:\Users\dell\AppData\Roaming\npm;C:\Program Files\Microsoft VS Code\bin
10 verbose lifecycle forum-app@0.1.0~eject: CWD: D:\forum-app
11 silly lifecycle forum-app@0.1.0~eject: Args: [ '/d /s /c', 'react-scripts eject' ]
12 silly lifecycle forum-app@0.1.0~eject: Returned: code: 1  signal: null
13 info lifecycle forum-app@0.1.0~eject: Failed to exec eject script
14 verbose stack Error: forum-app@0.1.0 eject: `react-scripts eject`
14 verbose stack Exit status 1
14 verbose stack     at EventEmitter.<anonymous> (C:\Program Files\nodejs\node_modules\npm\lib\utils\lifecycle.js:255:16)
14 verbose stack     at emitTwo (events.js:106:13)
14 verbose stack     at EventEmitter.emit (events.js:191:7)
14 verbose stack     at ChildProcess.<anonymous> (C:\Program Files\nodejs\node_modules\npm\lib\utils\spawn.js:40:14)
14 verbose stack     at emitTwo (events.js:106:13)
14 verbose stack     at ChildProcess.emit (events.js:191:7)
14 verbose stack     at maybeClose (internal/child_process.js:891:16)
14 verbose stack     at Process.ChildProcess._handle.onexit (internal/child_process.js:226:5)
15 verbose pkgid forum-app@0.1.0
16 verbose cwd D:\forum-app
17 error Windows_NT 10.0.16299
18 error argv "C:\\Program Files\\nodejs\\node.exe" "C:\\Program Files\\nodejs\\node_modules\\npm\\bin\\npm-cli.js" "run" "eject"
19 error node v6.11.2
20 error npm  v3.10.10
21 error code ELIFECYCLE
22 error forum-app@0.1.0 eject: `react-scripts eject`
22 error Exit status 1
23 error Failed at the forum-app@0.1.0 eject script 'react-scripts eject'.
23 error Make sure you have the latest version of node.js and npm installed.
23 error If you do, this is most likely a problem with the forum-app package,
23 error not with npm itself.
23 error Tell the author that this fails on your system:
23 error     react-scripts eject
23 error You can get information on how to open an issue for this project with:
23 error     npm bugs forum-app
23 error Or if that isn't available, you can get their info via:
23 error     npm owner ls forum-app
23 error There is likely additional logging output above.
24 verbose exit [ 1, true ]
